<?xml version="1.0" encoding="UTF-8"?>
<testsuite xmlns:xsi="http://www.w3.org/2001/XMLSchema-instance" xsi:noNamespaceSchemaLocation="https://maven.apache.org/surefire/maven-surefire-plugin/xsd/surefire-test-report.xsd" name="com.house.runner.mytestrunner" time="0.64" tests="4" errors="0" skipped="0" failures="0">
  <properties>
[...]
</properties>
  <testcase name="Given I am on home page" classname="| ndfdf | kris |" time="0"/>
  <testcase name="When I enter ndfdf and kris" classname="| ndfdf | kris |" time="0"/>
  <testcase name="Then I would have registered" classname="| ndfdf | kris |" time="0"/>
  <testcase name="| ndfdf | kris |" classname="| ndfdf | kris |" time="0"/>
</testsuite>